<?xml version="1.0" encoding="UTF-8"?>
<!-- Generated by org.testng.reporters.JUnitXMLReporter -->
<testsuite hostname="Hitendra-PC" ignored="0" name="IETest" tests="4" failures="0" timestamp="2020-07-17T19:12:05 IST" time="27.348" errors="0">
  <testcase name="verifyLogo" time="0.274" classname="Subscribe.Jawwy.testcases.IndexPageTest"/>
  <testcase name="verifyLogo" time="6.892" classname="Subscribe.Jawwy.testcases.IndexPageTest"/>
  <testcase name="verifyLogo" time="0.164" classname="Subscribe.Jawwy.testcases.IndexPageTest"/>
  <testcase name="verifyTitle" time="0.371" classname="Subscribe.Jawwy.testcases.IndexPageTest"/>
</testsuite> <!-- IETest -->
