<?xml version="1.0" encoding="UTF-8"?>
<!-- Generated by org.testng.reporters.JUnitXMLReporter -->
<testsuite hostname="AS-40" ignored="8" name="Algeria" tests="9" failures="0" timestamp="2023-03-19T01:44:15 EET" time="8.751" errors="0">
  <testcase name="setup" time="3.121" classname="Subscribe.Jawwy.testcases.OpenURL_Test"/>
  <testcase name="Countryselector" time="0.171" classname="Subscribe.Jawwy.testcases.Algeria_Country_Selector_Test"/>
  <testcase name="Algeria" time="3.253" classname="Subscribe.Jawwy.testcases.Algeria_Country_Selector_Test"/>
  <testcase name="check_Lite_Package" time="0.131" classname="Subscribe.Jawwy.testcases.Validate_Avalaible_Packages_Test"/>
  <testcase name="check_classic_Package" time="0.116" classname="Subscribe.Jawwy.testcases.Validate_Avalaible_Packages_Test"/>
  <testcase name="check_PREMIUM_Package" time="0.091" classname="Subscribe.Jawwy.testcases.Validate_Avalaible_Packages_Test"/>
  <testcase name="Get_Country_currency_Package" time="0.294" classname="Subscribe.Jawwy.testcases.Validate_Test_Country_currency_Price_Test"/>
  <testcase name="Validate_Country_Currency_Package" time="0.029" classname="Subscribe.Jawwy.testcases.Validate_Test_Country_currency_Price_Test"/>
  <testcase name="close" time="0.098" classname="Subscribe.Jawwy.testcases.CloseURL_Test"/>
  <testcase name="@BeforeSuite loadConfig" time="0.0" classname="Subscribe.Jawwy.base.BaseClass">
    <ignored/>
  </testcase> <!-- @BeforeSuite loadConfig -->
  <testcase name="@BeforeSuite loadConfig" time="0.0" classname="Subscribe.Jawwy.base.BaseClass">
    <ignored/>
  </testcase> <!-- @BeforeSuite loadConfig -->
  <testcase name="@BeforeSuite loadConfig" time="0.0" classname="Subscribe.Jawwy.base.BaseClass">
    <ignored/>
  </testcase> <!-- @BeforeSuite loadConfig -->
  <testcase name="@BeforeSuite loadConfig" time="0.0" classname="Subscribe.Jawwy.base.BaseClass">
    <ignored/>
  </testcase> <!-- @BeforeSuite loadConfig -->
  <testcase name="@AfterSuite afterSuite" time="0.0" classname="Subscribe.Jawwy.base.BaseClass">
    <ignored/>
  </testcase> <!-- @AfterSuite afterSuite -->
  <testcase name="@AfterSuite afterSuite" time="0.0" classname="Subscribe.Jawwy.base.BaseClass">
    <ignored/>
  </testcase> <!-- @AfterSuite afterSuite -->
  <testcase name="@AfterSuite afterSuite" time="0.0" classname="Subscribe.Jawwy.base.BaseClass">
    <ignored/>
  </testcase> <!-- @AfterSuite afterSuite -->
  <testcase name="@AfterSuite afterSuite" time="0.0" classname="Subscribe.Jawwy.base.BaseClass">
    <ignored/>
  </testcase> <!-- @AfterSuite afterSuite -->
</testsuite> <!-- Algeria -->
