<?xml version="1.0" encoding="UTF-8"?>
<!-- Generated by org.testng.reporters.JUnitXMLReporter -->
<testsuite hostname="AS-40" ignored="8" name="Egypt" tests="10" failures="1" timestamp="2023-03-19T01:37:12 EET" time="7.148" errors="0">
  <testcase name="setup" time="3.604" classname="Subscribe.Jawwy.testcases.OpenURL_Test"/>
  <testcase name="Countryselector" time="0.154" classname="Subscribe.Jawwy.testcases.Country_Selector_Test"/>
  <testcase name="Egypt" time="1.092" classname="Subscribe.Jawwy.testcases.Country_Selector_Test"/>
  <testcase name="UAE" time="0.18" classname="Subscribe.Jawwy.testcases.Country_Selector_Test"/>
  <testcase name="check_Lite_Package" time="0.119" classname="Subscribe.Jawwy.testcases.Validate_Avalaible_Packages_Test"/>
  <testcase name="check_classic_Package" time="0.082" classname="Subscribe.Jawwy.testcases.Validate_Avalaible_Packages_Test"/>
  <testcase name="check_PREMIUM_Package" time="0.07" classname="Subscribe.Jawwy.testcases.Validate_Avalaible_Packages_Test"/>
  <testcase name="Get_Country_currency_Package" time="0.124" classname="Subscribe.Jawwy.testcases.Validate_Country_currency_Price_Test"/>
  <testcase name="Validate_Country_Currency_Package" time="0.025" classname="Subscribe.Jawwy.testcases.Validate_Country_currency_Price_Test">
    <failure type="java.lang.AssertionError" message="The following asserts failed:
	passed expected [true] but found [false]">
      <![CDATA[java.lang.AssertionError: The following asserts failed:
passed expected [true] but found [false]
at Subscribe.Jawwy.pageobjects.AvalabilePackage.validatePriceAndCurrency(AvalabilePackage.java:141)
at Subscribe.Jawwy.testcases.Validate_Country_currency_Price_Test.Validate_Country_Currency_Package(Validate_Country_currency_Price_Test.java:36)
at java.util.ArrayList.forEach(ArrayList.java:1259)
... Removed 29 stack frames]]>
    </failure>
  </testcase> <!-- Validate_Country_Currency_Package -->
  <testcase name="close" time="0.102" classname="Subscribe.Jawwy.testcases.CloseURL_Test"/>
  <testcase name="@BeforeSuite loadConfig" time="0.0" classname="Subscribe.Jawwy.base.BaseClass">
    <ignored/>
  </testcase> <!-- @BeforeSuite loadConfig -->
  <testcase name="@BeforeSuite loadConfig" time="0.0" classname="Subscribe.Jawwy.base.BaseClass">
    <ignored/>
  </testcase> <!-- @BeforeSuite loadConfig -->
  <testcase name="@BeforeSuite loadConfig" time="0.0" classname="Subscribe.Jawwy.base.BaseClass">
    <ignored/>
  </testcase> <!-- @BeforeSuite loadConfig -->
  <testcase name="@BeforeSuite loadConfig" time="0.0" classname="Subscribe.Jawwy.base.BaseClass">
    <ignored/>
  </testcase> <!-- @BeforeSuite loadConfig -->
  <testcase name="@AfterSuite afterSuite" time="0.0" classname="Subscribe.Jawwy.base.BaseClass">
    <ignored/>
  </testcase> <!-- @AfterSuite afterSuite -->
  <testcase name="@AfterSuite afterSuite" time="0.0" classname="Subscribe.Jawwy.base.BaseClass">
    <ignored/>
  </testcase> <!-- @AfterSuite afterSuite -->
  <testcase name="@AfterSuite afterSuite" time="0.0" classname="Subscribe.Jawwy.base.BaseClass">
    <ignored/>
  </testcase> <!-- @AfterSuite afterSuite -->
  <testcase name="@AfterSuite afterSuite" time="0.0" classname="Subscribe.Jawwy.base.BaseClass">
    <ignored/>
  </testcase> <!-- @AfterSuite afterSuite -->
</testsuite> <!-- Egypt -->
