<?xml version="1.0" encoding="UTF-8"?>
<!-- Generated by org.testng.reporters.JUnitXMLReporter -->
<testsuite hostname="AS-40" ignored="8" name="Egypt" tests="10" failures="0" timestamp="2023-03-18T19:55:05 EET" time="5.799" errors="0">
  <testcase name="setup" time="3.725" classname="Subscribe.Jawwy.testcases.OpenURL_Test"/>
  <testcase name="Countryselector" time="0.17" classname="Subscribe.Jawwy.testcases.Country_Selector_Test"/>
  <testcase name="Egypt" time="1.157" classname="Subscribe.Jawwy.testcases.Country_Selector_Test"/>
  <testcase name="UAE" time="0.164" classname="Subscribe.Jawwy.testcases.Country_Selector_Test"/>
  <testcase name="check_Lite_Package" time="0.093" classname="Subscribe.Jawwy.testcases.Validate_Avalaible_Packages_Test"/>
  <testcase name="check_classic_Package" time="0.082" classname="Subscribe.Jawwy.testcases.Validate_Avalaible_Packages_Test"/>
  <testcase name="check_PREMIUM_Package" time="0.09" classname="Subscribe.Jawwy.testcases.Validate_Avalaible_Packages_Test"/>
  <testcase name="Get_Country_currency_Package" time="0.105" classname="Subscribe.Jawwy.testcases.Validate_Country_currency_Price_Test"/>
  <testcase name="Validate_Country_Currency_Package" time="0.032" classname="Subscribe.Jawwy.testcases.Validate_Country_currency_Price_Test"/>
  <testcase name="close" time="0.124" classname="Subscribe.Jawwy.testcases.CloseURL_Test"/>
  <testcase name="@BeforeSuite loadConfig" time="0.0" classname="Subscribe.Jawwy.base.BaseClass">
    <ignored/>
  </testcase> <!-- @BeforeSuite loadConfig -->
  <testcase name="@BeforeSuite loadConfig" time="0.0" classname="Subscribe.Jawwy.base.BaseClass">
    <ignored/>
  </testcase> <!-- @BeforeSuite loadConfig -->
  <testcase name="@BeforeSuite loadConfig" time="0.0" classname="Subscribe.Jawwy.base.BaseClass">
    <ignored/>
  </testcase> <!-- @BeforeSuite loadConfig -->
  <testcase name="@BeforeSuite loadConfig" time="0.0" classname="Subscribe.Jawwy.base.BaseClass">
    <ignored/>
  </testcase> <!-- @BeforeSuite loadConfig -->
  <testcase name="@AfterSuite afterSuite" time="0.0" classname="Subscribe.Jawwy.base.BaseClass">
    <ignored/>
  </testcase> <!-- @AfterSuite afterSuite -->
  <testcase name="@AfterSuite afterSuite" time="0.0" classname="Subscribe.Jawwy.base.BaseClass">
    <ignored/>
  </testcase> <!-- @AfterSuite afterSuite -->
  <testcase name="@AfterSuite afterSuite" time="0.0" classname="Subscribe.Jawwy.base.BaseClass">
    <ignored/>
  </testcase> <!-- @AfterSuite afterSuite -->
  <testcase name="@AfterSuite afterSuite" time="0.0" classname="Subscribe.Jawwy.base.BaseClass">
    <ignored/>
  </testcase> <!-- @AfterSuite afterSuite -->
</testsuite> <!-- Egypt -->
