<?xml version="1.0" encoding="UTF-8"?>
<!-- Generated by org.testng.reporters.JUnitXMLReporter -->
<testsuite hostname="AS-40" ignored="8" name="Jordan" tests="9" failures="0" timestamp="2023-03-19T01:37:52 EET" time="7.915" errors="0">
  <testcase name="setup" time="3.166" classname="Subscribe.Jawwy.testcases.OpenURL_Test"/>
  <testcase name="Countryselector" time="0.173" classname="Subscribe.Jawwy.testcases.Jordan_Country_Selector_Test"/>
  <testcase name="Jordan" time="2.49" classname="Subscribe.Jawwy.testcases.Jordan_Country_Selector_Test"/>
  <testcase name="check_Lite_Package" time="0.157" classname="Subscribe.Jawwy.testcases.Validate_Avalaible_Packages_Test"/>
  <testcase name="check_classic_Package" time="0.091" classname="Subscribe.Jawwy.testcases.Validate_Avalaible_Packages_Test"/>
  <testcase name="check_PREMIUM_Package" time="0.074" classname="Subscribe.Jawwy.testcases.Validate_Avalaible_Packages_Test"/>
  <testcase name="Get_UAE_Country_currency_Package" time="0.145" classname="Subscribe.Jawwy.testcases.Validate_Jordan_Country_currency_Price_Test"/>
  <testcase name="Validate_Country_Currency_Package" time="0.033" classname="Subscribe.Jawwy.testcases.Validate_Jordan_Country_currency_Price_Test"/>
  <testcase name="close" time="0.091" classname="Subscribe.Jawwy.testcases.CloseURL_Test"/>
  <testcase name="@BeforeSuite loadConfig" time="0.0" classname="Subscribe.Jawwy.base.BaseClass">
    <ignored/>
  </testcase> <!-- @BeforeSuite loadConfig -->
  <testcase name="@BeforeSuite loadConfig" time="0.0" classname="Subscribe.Jawwy.base.BaseClass">
    <ignored/>
  </testcase> <!-- @BeforeSuite loadConfig -->
  <testcase name="@BeforeSuite loadConfig" time="0.0" classname="Subscribe.Jawwy.base.BaseClass">
    <ignored/>
  </testcase> <!-- @BeforeSuite loadConfig -->
  <testcase name="@BeforeSuite loadConfig" time="0.0" classname="Subscribe.Jawwy.base.BaseClass">
    <ignored/>
  </testcase> <!-- @BeforeSuite loadConfig -->
  <testcase name="@AfterSuite afterSuite" time="0.0" classname="Subscribe.Jawwy.base.BaseClass">
    <ignored/>
  </testcase> <!-- @AfterSuite afterSuite -->
  <testcase name="@AfterSuite afterSuite" time="0.0" classname="Subscribe.Jawwy.base.BaseClass">
    <ignored/>
  </testcase> <!-- @AfterSuite afterSuite -->
  <testcase name="@AfterSuite afterSuite" time="0.0" classname="Subscribe.Jawwy.base.BaseClass">
    <ignored/>
  </testcase> <!-- @AfterSuite afterSuite -->
  <testcase name="@AfterSuite afterSuite" time="0.0" classname="Subscribe.Jawwy.base.BaseClass">
    <ignored/>
  </testcase> <!-- @AfterSuite afterSuite -->
</testsuite> <!-- Jordan -->
