<?xml version="1.0" encoding="UTF-8"?>
<!-- Generated by org.testng.reporters.JUnitXMLReporter -->
<testsuite hostname="AS-40" ignored="8" name="Lebanon" tests="9" failures="0" timestamp="2023-03-19T01:44:50 EET" time="6.298" errors="0">
  <testcase name="setup" time="2.974" classname="Subscribe.Jawwy.testcases.OpenURL_Test"/>
  <testcase name="Countryselector" time="0.161" classname="Subscribe.Jawwy.testcases.Lebanon_Country_Selector_Test"/>
  <testcase name="Lebanon" time="1.198" classname="Subscribe.Jawwy.testcases.Lebanon_Country_Selector_Test"/>
  <testcase name="check_Lite_Package" time="0.092" classname="Subscribe.Jawwy.testcases.Validate_Avalaible_Packages_Test"/>
  <testcase name="check_classic_Package" time="0.109" classname="Subscribe.Jawwy.testcases.Validate_Avalaible_Packages_Test"/>
  <testcase name="check_PREMIUM_Package" time="0.085" classname="Subscribe.Jawwy.testcases.Validate_Avalaible_Packages_Test"/>
  <testcase name="Get_Country_currency_Package" time="0.192" classname="Subscribe.Jawwy.testcases.Validate_Lebanon_Country_currency_Price_Test"/>
  <testcase name="Validate_Country_Currency_Package" time="0.027" classname="Subscribe.Jawwy.testcases.Validate_Lebanon_Country_currency_Price_Test"/>
  <testcase name="close" time="0.106" classname="Subscribe.Jawwy.testcases.CloseURL_Test"/>
  <testcase name="@BeforeSuite loadConfig" time="0.0" classname="Subscribe.Jawwy.base.BaseClass">
    <ignored/>
  </testcase> <!-- @BeforeSuite loadConfig -->
  <testcase name="@BeforeSuite loadConfig" time="0.0" classname="Subscribe.Jawwy.base.BaseClass">
    <ignored/>
  </testcase> <!-- @BeforeSuite loadConfig -->
  <testcase name="@BeforeSuite loadConfig" time="0.0" classname="Subscribe.Jawwy.base.BaseClass">
    <ignored/>
  </testcase> <!-- @BeforeSuite loadConfig -->
  <testcase name="@BeforeSuite loadConfig" time="0.0" classname="Subscribe.Jawwy.base.BaseClass">
    <ignored/>
  </testcase> <!-- @BeforeSuite loadConfig -->
  <testcase name="@AfterSuite afterSuite" time="0.0" classname="Subscribe.Jawwy.base.BaseClass">
    <ignored/>
  </testcase> <!-- @AfterSuite afterSuite -->
  <testcase name="@AfterSuite afterSuite" time="0.0" classname="Subscribe.Jawwy.base.BaseClass">
    <ignored/>
  </testcase> <!-- @AfterSuite afterSuite -->
  <testcase name="@AfterSuite afterSuite" time="0.0" classname="Subscribe.Jawwy.base.BaseClass">
    <ignored/>
  </testcase> <!-- @AfterSuite afterSuite -->
  <testcase name="@AfterSuite afterSuite" time="0.0" classname="Subscribe.Jawwy.base.BaseClass">
    <ignored/>
  </testcase> <!-- @AfterSuite afterSuite -->
</testsuite> <!-- Lebanon -->
