<?xml version="1.0" encoding="UTF-8"?>
<!-- Generated by org.testng.reporters.JUnitXMLReporter -->
<testsuite hostname="AS-40" ignored="6" name="Test_All" tests="8" failures="0" timestamp="2023-03-18T17:17:36 EET" time="7.58" errors="0">
  <testcase name="setup" time="5.192" classname="Subscribe.Jawwy.testcases.OpenURL_Test"/>
  <testcase name="Countryselector" time="0.181" classname="Subscribe.Jawwy.testcases.Country_Selector_Test"/>
  <testcase name="Egypt" time="1.348" classname="Subscribe.Jawwy.testcases.Country_Selector_Test"/>
  <testcase name="check_Lite_Package" time="0.09" classname="Subscribe.Jawwy.testcases.Validate_Avalaible_Packages_Test"/>
  <testcase name="check_classic_Package" time="0.074" classname="Subscribe.Jawwy.testcases.Validate_Avalaible_Packages_Test"/>
  <testcase name="check_PREMIUM_Package" time="0.09" classname="Subscribe.Jawwy.testcases.Validate_Avalaible_Packages_Test"/>
  <testcase name="Get_Country_currency_Package" time="0.141" classname="Subscribe.Jawwy.testcases.Validate_Country_currency_Price_Test"/>
  <testcase name="Validate_Country_Currency_Package" time="0.007" classname="Subscribe.Jawwy.testcases.Validate_Country_currency_Price_Test"/>
  <testcase name="@BeforeSuite loadConfig" time="0.0" classname="Subscribe.Jawwy.base.BaseClass">
    <ignored/>
  </testcase> <!-- @BeforeSuite loadConfig -->
  <testcase name="@BeforeSuite loadConfig" time="0.0" classname="Subscribe.Jawwy.base.BaseClass">
    <ignored/>
  </testcase> <!-- @BeforeSuite loadConfig -->
  <testcase name="@BeforeSuite loadConfig" time="0.0" classname="Subscribe.Jawwy.base.BaseClass">
    <ignored/>
  </testcase> <!-- @BeforeSuite loadConfig -->
  <testcase name="@AfterSuite afterSuite" time="0.0" classname="Subscribe.Jawwy.base.BaseClass">
    <ignored/>
  </testcase> <!-- @AfterSuite afterSuite -->
  <testcase name="@AfterSuite afterSuite" time="0.0" classname="Subscribe.Jawwy.base.BaseClass">
    <ignored/>
  </testcase> <!-- @AfterSuite afterSuite -->
  <testcase name="@AfterSuite afterSuite" time="0.0" classname="Subscribe.Jawwy.base.BaseClass">
    <ignored/>
  </testcase> <!-- @AfterSuite afterSuite -->
</testsuite> <!-- Test_All -->
