<?xml version="1.0" encoding="UTF-8"?>
<testng-results skipped="0" failed="0" ignored="102" total="217" passed="115">
  <reporter-output>
  </reporter-output>
  <suite name="Suite" duration-ms="94702" started-at="2023-03-19T01:43:51 EET" finished-at="2023-03-19T01:45:26 EET">
    <groups>
    </groups>
    <test name="Egypt" duration-ms="6137" started-at="2023-03-19T01:43:51 EET" finished-at="2023-03-19T01:43:57 EET">
      <class name="Subscribe.Jawwy.testcases.OpenURL_Test">
        <test-method status="PASS" signature="setup()[pri:1, instance:Subscribe.Jawwy.testcases.OpenURL_Test@43fe0e]" name="setup" duration-ms="4110" started-at="2023-03-19T01:43:51 EET" finished-at="2023-03-19T01:43:55 EET">
          <reporter-output>
          </reporter-output>
        </test-method> <!-- setup -->
      </class> <!-- Subscribe.Jawwy.testcases.OpenURL_Test -->
      <class name="Subscribe.Jawwy.testcases.Validate_Avalaible_Packages_Test">
        <test-method status="PASS" signature="check_Lite_Package()[pri:1, instance:Subscribe.Jawwy.testcases.Validate_Avalaible_Packages_Test@e67e0a]" name="check_Lite_Package" duration-ms="155" started-at="2023-03-19T01:43:55 EET" finished-at="2023-03-19T01:43:56 EET">
          <reporter-output>
          </reporter-output>
        </test-method> <!-- check_Lite_Package -->
        <test-method status="PASS" signature="check_classic_Package()[pri:2, instance:Subscribe.Jawwy.testcases.Validate_Avalaible_Packages_Test@e67e0a]" name="check_classic_Package" duration-ms="81" started-at="2023-03-19T01:43:56 EET" finished-at="2023-03-19T01:43:56 EET">
          <reporter-output>
          </reporter-output>
        </test-method> <!-- check_classic_Package -->
        <test-method status="PASS" signature="check_PREMIUM_Package()[pri:3, instance:Subscribe.Jawwy.testcases.Validate_Avalaible_Packages_Test@e67e0a]" name="check_PREMIUM_Package" duration-ms="137" started-at="2023-03-19T01:43:56 EET" finished-at="2023-03-19T01:43:56 EET">
          <reporter-output>
          </reporter-output>
        </test-method> <!-- check_PREMIUM_Package -->
      </class> <!-- Subscribe.Jawwy.testcases.Validate_Avalaible_Packages_Test -->
      <class name="Subscribe.Jawwy.testcases.CloseURL_Test">
        <test-method status="PASS" signature="close()[pri:1, instance:Subscribe.Jawwy.testcases.CloseURL_Test@1943d71]" name="close" duration-ms="98" started-at="2023-03-19T01:43:57 EET" finished-at="2023-03-19T01:43:57 EET">
          <reporter-output>
          </reporter-output>
        </test-method> <!-- close -->
      </class> <!-- Subscribe.Jawwy.testcases.CloseURL_Test -->
      <class name="Subscribe.Jawwy.testcases.Validate_Country_currency_Price_Test">
        <test-method status="PASS" signature="Get_Country_currency_Package(java.lang.String, java.lang.String, java.lang.String, java.lang.String)[pri:1, instance:Subscribe.Jawwy.testcases.Validate_Country_currency_Price_Test@1d8db5a]" name="Get_Country_currency_Package" duration-ms="137" started-at="2023-03-19T01:43:57 EET" data-provider="Subscription" finished-at="2023-03-19T01:43:57 EET">
          <params>
            <param index="0">
              <value>
                <![CDATA[Egypt]]>
              </value>
            </param>
            <param index="1">
              <value>
                <![CDATA[CLASSIC]]>
              </value>
            </param>
            <param index="2">
              <value>
                <![CDATA[10.00]]>
              </value>
            </param>
            <param index="3">
              <value>
                <![CDATA[Egyptian pound]]>
              </value>
            </param>
          </params>
          <reporter-output>
          </reporter-output>
        </test-method> <!-- Get_Country_currency_Package -->
        <test-method status="PASS" signature="Validate_Country_Currency_Package(java.lang.String, java.lang.String, java.lang.String, java.lang.String)[pri:2, instance:Subscribe.Jawwy.testcases.Validate_Country_currency_Price_Test@1d8db5a]" name="Validate_Country_Currency_Package" duration-ms="25" started-at="2023-03-19T01:43:57 EET" data-provider="Subscription" finished-at="2023-03-19T01:43:57 EET">
          <params>
            <param index="0">
              <value>
                <![CDATA[Egypt]]>
              </value>
            </param>
            <param index="1">
              <value>
                <![CDATA[CLASSIC]]>
              </value>
            </param>
            <param index="2">
              <value>
                <![CDATA[10.00]]>
              </value>
            </param>
            <param index="3">
              <value>
                <![CDATA[Egyptian pound]]>
              </value>
            </param>
          </params>
          <reporter-output>
          </reporter-output>
        </test-method> <!-- Validate_Country_Currency_Package -->
      </class> <!-- Subscribe.Jawwy.testcases.Validate_Country_currency_Price_Test -->
    </test> <!-- Egypt -->
    <test name="UAE" duration-ms="8599" started-at="2023-03-19T01:43:57 EET" finished-at="2023-03-19T01:44:06 EET">
      <class name="Subscribe.Jawwy.testcases.OpenURL_Test">
        <test-method status="PASS" signature="setup()[pri:1, instance:Subscribe.Jawwy.testcases.OpenURL_Test@874448]" name="setup" duration-ms="3483" started-at="2023-03-19T01:43:57 EET" finished-at="2023-03-19T01:44:01 EET">
          <reporter-output>
          </reporter-output>
        </test-method> <!-- setup -->
      </class> <!-- Subscribe.Jawwy.testcases.OpenURL_Test -->
      <class name="Subscribe.Jawwy.testcases.Validate_Avalaible_Packages_Test">
        <test-method status="PASS" signature="check_Lite_Package()[pri:1, instance:Subscribe.Jawwy.testcases.Validate_Avalaible_Packages_Test@285225]" name="check_Lite_Package" duration-ms="82" started-at="2023-03-19T01:44:05 EET" finished-at="2023-03-19T01:44:05 EET">
          <reporter-output>
          </reporter-output>
        </test-method> <!-- check_Lite_Package -->
        <test-method status="PASS" signature="check_classic_Package()[pri:2, instance:Subscribe.Jawwy.testcases.Validate_Avalaible_Packages_Test@285225]" name="check_classic_Package" duration-ms="72" started-at="2023-03-19T01:44:05 EET" finished-at="2023-03-19T01:44:05 EET">
          <reporter-output>
          </reporter-output>
        </test-method> <!-- check_classic_Package -->
        <test-method status="PASS" signature="check_PREMIUM_Package()[pri:3, instance:Subscribe.Jawwy.testcases.Validate_Avalaible_Packages_Test@285225]" name="check_PREMIUM_Package" duration-ms="83" started-at="2023-03-19T01:44:05 EET" finished-at="2023-03-19T01:44:05 EET">
          <reporter-output>
          </reporter-output>
        </test-method> <!-- check_PREMIUM_Package -->
      </class> <!-- Subscribe.Jawwy.testcases.Validate_Avalaible_Packages_Test -->
      <class name="Subscribe.Jawwy.testcases.CloseURL_Test">
        <test-method status="PASS" signature="close()[pri:1, instance:Subscribe.Jawwy.testcases.CloseURL_Test@1820e51]" name="close" duration-ms="94" started-at="2023-03-19T01:44:06 EET" finished-at="2023-03-19T01:44:06 EET">
          <reporter-output>
          </reporter-output>
        </test-method> <!-- close -->
      </class> <!-- Subscribe.Jawwy.testcases.CloseURL_Test -->
      <class name="Subscribe.Jawwy.testcases.Validate_UAE_Country_currency_Price_Test">
        <test-method status="PASS" signature="Get_UAE_Country_currency_Package(java.lang.String, java.lang.String, java.lang.String, java.lang.String)[pri:1, instance:Subscribe.Jawwy.testcases.Validate_UAE_Country_currency_Price_Test@113b13f]" name="Get_UAE_Country_currency_Package" duration-ms="120" started-at="2023-03-19T01:44:05 EET" data-provider="UAE" finished-at="2023-03-19T01:44:05 EET">
          <params>
            <param index="0">
              <value>
                <![CDATA[UAE]]>
              </value>
            </param>
            <param index="1">
              <value>
                <![CDATA[CLASSIC]]>
              </value>
            </param>
            <param index="2">
              <value>
                <![CDATA[10.00]]>
              </value>
            </param>
            <param index="3">
              <value>
                <![CDATA[AED]]>
              </value>
            </param>
          </params>
          <reporter-output>
          </reporter-output>
        </test-method> <!-- Get_UAE_Country_currency_Package -->
        <test-method status="PASS" signature="Validate_Country_Currency_Package(java.lang.String, java.lang.String, java.lang.String, java.lang.String)[pri:2, instance:Subscribe.Jawwy.testcases.Validate_UAE_Country_currency_Price_Test@113b13f]" name="Validate_Country_Currency_Package" duration-ms="31" started-at="2023-03-19T01:44:06 EET" data-provider="UAE" finished-at="2023-03-19T01:44:06 EET">
          <params>
            <param index="0">
              <value>
                <![CDATA[UAE]]>
              </value>
            </param>
            <param index="1">
              <value>
                <![CDATA[CLASSIC]]>
              </value>
            </param>
            <param index="2">
              <value>
                <![CDATA[10.00]]>
              </value>
            </param>
            <param index="3">
              <value>
                <![CDATA[AED]]>
              </value>
            </param>
          </params>
          <reporter-output>
          </reporter-output>
        </test-method> <!-- Validate_Country_Currency_Package -->
      </class> <!-- Subscribe.Jawwy.testcases.Validate_UAE_Country_currency_Price_Test -->
      <class name="Subscribe.Jawwy.testcases.UAE_Country_Selector_Test">
        <test-method status="PASS" signature="Countryselector()[pri:1, instance:Subscribe.Jawwy.testcases.UAE_Country_Selector_Test@1b5cd00]" name="Countryselector" duration-ms="161" started-at="2023-03-19T01:44:01 EET" finished-at="2023-03-19T01:44:01 EET">
          <reporter-output>
          </reporter-output>
        </test-method> <!-- Countryselector -->
        <test-method status="PASS" signature="UAE()[pri:2, instance:Subscribe.Jawwy.testcases.UAE_Country_Selector_Test@1b5cd00]" name="UAE" duration-ms="2954" started-at="2023-03-19T01:44:01 EET" finished-at="2023-03-19T01:44:04 EET">
          <reporter-output>
          </reporter-output>
        </test-method> <!-- UAE -->
      </class> <!-- Subscribe.Jawwy.testcases.UAE_Country_Selector_Test -->
    </test> <!-- UAE -->
    <test name="Algeria" duration-ms="8751" started-at="2023-03-19T01:44:06 EET" finished-at="2023-03-19T01:44:15 EET">
      <class name="Subscribe.Jawwy.testcases.OpenURL_Test">
        <test-method status="PASS" signature="setup()[pri:1, instance:Subscribe.Jawwy.testcases.OpenURL_Test@13a4b84]" name="setup" duration-ms="3121" started-at="2023-03-19T01:44:06 EET" finished-at="2023-03-19T01:44:09 EET">
          <reporter-output>
          </reporter-output>
        </test-method> <!-- setup -->
      </class> <!-- Subscribe.Jawwy.testcases.OpenURL_Test -->
      <class name="Subscribe.Jawwy.testcases.Validate_Avalaible_Packages_Test">
        <test-method status="PASS" signature="check_Lite_Package()[pri:1, instance:Subscribe.Jawwy.testcases.Validate_Avalaible_Packages_Test@10b40af]" name="check_Lite_Package" duration-ms="131" started-at="2023-03-19T01:44:13 EET" finished-at="2023-03-19T01:44:13 EET">
          <reporter-output>
          </reporter-output>
        </test-method> <!-- check_Lite_Package -->
        <test-method status="PASS" signature="check_classic_Package()[pri:2, instance:Subscribe.Jawwy.testcases.Validate_Avalaible_Packages_Test@10b40af]" name="check_classic_Package" duration-ms="116" started-at="2023-03-19T01:44:13 EET" finished-at="2023-03-19T01:44:14 EET">
          <reporter-output>
          </reporter-output>
        </test-method> <!-- check_classic_Package -->
        <test-method status="PASS" signature="check_PREMIUM_Package()[pri:3, instance:Subscribe.Jawwy.testcases.Validate_Avalaible_Packages_Test@10b40af]" name="check_PREMIUM_Package" duration-ms="91" started-at="2023-03-19T01:44:14 EET" finished-at="2023-03-19T01:44:14 EET">
          <reporter-output>
          </reporter-output>
        </test-method> <!-- check_PREMIUM_Package -->
      </class> <!-- Subscribe.Jawwy.testcases.Validate_Avalaible_Packages_Test -->
      <class name="Subscribe.Jawwy.testcases.CloseURL_Test">
        <test-method status="PASS" signature="close()[pri:1, instance:Subscribe.Jawwy.testcases.CloseURL_Test@c8afef]" name="close" duration-ms="98" started-at="2023-03-19T01:44:15 EET" finished-at="2023-03-19T01:44:15 EET">
          <reporter-output>
          </reporter-output>
        </test-method> <!-- close -->
      </class> <!-- Subscribe.Jawwy.testcases.CloseURL_Test -->
      <class name="Subscribe.Jawwy.testcases.Validate_Test_Country_currency_Price_Test">
        <test-method status="PASS" signature="Get_Country_currency_Package(java.lang.String, java.lang.String, java.lang.String, java.lang.String)[pri:1, instance:Subscribe.Jawwy.testcases.Validate_Test_Country_currency_Price_Test@123ab24]" name="Get_Country_currency_Package" duration-ms="294" started-at="2023-03-19T01:44:14 EET" data-provider="Algeria" finished-at="2023-03-19T01:44:14 EET">
          <params>
            <param index="0">
              <value>
                <![CDATA[Algeria]]>
              </value>
            </param>
            <param index="1">
              <value>
                <![CDATA[CLASSIC]]>
              </value>
            </param>
            <param index="2">
              <value>
                <![CDATA[5.3]]>
              </value>
            </param>
            <param index="3">
              <value>
                <![CDATA[USD]]>
              </value>
            </param>
          </params>
          <reporter-output>
          </reporter-output>
        </test-method> <!-- Get_Country_currency_Package -->
        <test-method status="PASS" signature="Validate_Country_Currency_Package(java.lang.String, java.lang.String, java.lang.String, java.lang.String)[pri:2, instance:Subscribe.Jawwy.testcases.Validate_Test_Country_currency_Price_Test@123ab24]" name="Validate_Country_Currency_Package" duration-ms="29" started-at="2023-03-19T01:44:14 EET" data-provider="Algeria" finished-at="2023-03-19T01:44:14 EET">
          <params>
            <param index="0">
              <value>
                <![CDATA[Algeria]]>
              </value>
            </param>
            <param index="1">
              <value>
                <![CDATA[CLASSIC]]>
              </value>
            </param>
            <param index="2">
              <value>
                <![CDATA[5.3]]>
              </value>
            </param>
            <param index="3">
              <value>
                <![CDATA[USD]]>
              </value>
            </param>
          </params>
          <reporter-output>
          </reporter-output>
        </test-method> <!-- Validate_Country_Currency_Package -->
      </class> <!-- Subscribe.Jawwy.testcases.Validate_Test_Country_currency_Price_Test -->
      <class name="Subscribe.Jawwy.testcases.Algeria_Country_Selector_Test">
        <test-method status="PASS" signature="Countryselector()[pri:1, instance:Subscribe.Jawwy.testcases.Algeria_Country_Selector_Test@27f723]" name="Countryselector" duration-ms="171" started-at="2023-03-19T01:44:09 EET" finished-at="2023-03-19T01:44:09 EET">
          <reporter-output>
          </reporter-output>
        </test-method> <!-- Countryselector -->
        <test-method status="PASS" signature="Algeria()[pri:2, instance:Subscribe.Jawwy.testcases.Algeria_Country_Selector_Test@27f723]" name="Algeria" duration-ms="3253" started-at="2023-03-19T01:44:10 EET" finished-at="2023-03-19T01:44:13 EET">
          <reporter-output>
          </reporter-output>
        </test-method> <!-- Algeria -->
      </class> <!-- Subscribe.Jawwy.testcases.Algeria_Country_Selector_Test -->
    </test> <!-- Algeria -->
    <test name="Djibouti" duration-ms="6490" started-at="2023-03-19T01:44:15 EET" finished-at="2023-03-19T01:44:21 EET">
      <class name="Subscribe.Jawwy.testcases.OpenURL_Test">
        <test-method status="PASS" signature="setup()[pri:1, instance:Subscribe.Jawwy.testcases.OpenURL_Test@3d45bd]" name="setup" duration-ms="3072" started-at="2023-03-19T01:44:15 EET" finished-at="2023-03-19T01:44:18 EET">
          <reporter-output>
          </reporter-output>
        </test-method> <!-- setup -->
      </class> <!-- Subscribe.Jawwy.testcases.OpenURL_Test -->
      <class name="Subscribe.Jawwy.testcases.Validate_Avalaible_Packages_Test">
        <test-method status="PASS" signature="check_Lite_Package()[pri:1, instance:Subscribe.Jawwy.testcases.Validate_Avalaible_Packages_Test@1ec78b9]" name="check_Lite_Package" duration-ms="106" started-at="2023-03-19T01:44:20 EET" finished-at="2023-03-19T01:44:20 EET">
          <reporter-output>
          </reporter-output>
        </test-method> <!-- check_Lite_Package -->
        <test-method status="PASS" signature="check_classic_Package()[pri:2, instance:Subscribe.Jawwy.testcases.Validate_Avalaible_Packages_Test@1ec78b9]" name="check_classic_Package" duration-ms="138" started-at="2023-03-19T01:44:20 EET" finished-at="2023-03-19T01:44:20 EET">
          <reporter-output>
          </reporter-output>
        </test-method> <!-- check_classic_Package -->
        <test-method status="PASS" signature="check_PREMIUM_Package()[pri:3, instance:Subscribe.Jawwy.testcases.Validate_Avalaible_Packages_Test@1ec78b9]" name="check_PREMIUM_Package" duration-ms="73" started-at="2023-03-19T01:44:20 EET" finished-at="2023-03-19T01:44:20 EET">
          <reporter-output>
          </reporter-output>
        </test-method> <!-- check_PREMIUM_Package -->
      </class> <!-- Subscribe.Jawwy.testcases.Validate_Avalaible_Packages_Test -->
      <class name="Subscribe.Jawwy.testcases.CloseURL_Test">
        <test-method status="PASS" signature="close()[pri:1, instance:Subscribe.Jawwy.testcases.CloseURL_Test@38d7a3]" name="close" duration-ms="93" started-at="2023-03-19T01:44:21 EET" finished-at="2023-03-19T01:44:21 EET">
          <reporter-output>
          </reporter-output>
        </test-method> <!-- close -->
      </class> <!-- Subscribe.Jawwy.testcases.CloseURL_Test -->
      <class name="Subscribe.Jawwy.testcases.Djibouti_Country_Selector_Test">
        <test-method status="PASS" signature="Countryselector()[pri:1, instance:Subscribe.Jawwy.testcases.Djibouti_Country_Selector_Test@7c7811]" name="Countryselector" duration-ms="178" started-at="2023-03-19T01:44:18 EET" finished-at="2023-03-19T01:44:18 EET">
          <reporter-output>
          </reporter-output>
        </test-method> <!-- Countryselector -->
        <test-method status="PASS" signature="Algeria()[pri:2, instance:Subscribe.Jawwy.testcases.Djibouti_Country_Selector_Test@7c7811]" name="Algeria" duration-ms="1182" started-at="2023-03-19T01:44:18 EET" finished-at="2023-03-19T01:44:20 EET">
          <reporter-output>
          </reporter-output>
        </test-method> <!-- Algeria -->
      </class> <!-- Subscribe.Jawwy.testcases.Djibouti_Country_Selector_Test -->
      <class name="Subscribe.Jawwy.testcases.Validate_Djibouti_Country_currency_Price_Test">
        <test-method status="PASS" signature="Get_Country_currency_Package(java.lang.String, java.lang.String, java.lang.String, java.lang.String)[pri:1, instance:Subscribe.Jawwy.testcases.Validate_Djibouti_Country_currency_Price_Test@3869f4]" name="Get_Country_currency_Package" duration-ms="225" started-at="2023-03-19T01:44:21 EET" data-provider="Djibouti" finished-at="2023-03-19T01:44:21 EET">
          <params>
            <param index="0">
              <value>
                <![CDATA[Djibouti]]>
              </value>
            </param>
            <param index="1">
              <value>
                <![CDATA[CLASSIC]]>
              </value>
            </param>
            <param index="2">
              <value>
                <![CDATA[4.8]]>
              </value>
            </param>
            <param index="3">
              <value>
                <![CDATA[USD]]>
              </value>
            </param>
          </params>
          <reporter-output>
          </reporter-output>
        </test-method> <!-- Get_Country_currency_Package -->
        <test-method status="PASS" signature="Validate_Country_Currency_Package(java.lang.String, java.lang.String, java.lang.String, java.lang.String)[pri:2, instance:Subscribe.Jawwy.testcases.Validate_Djibouti_Country_currency_Price_Test@3869f4]" name="Validate_Country_Currency_Package" duration-ms="24" started-at="2023-03-19T01:44:21 EET" data-provider="Djibouti" finished-at="2023-03-19T01:44:21 EET">
          <params>
            <param index="0">
              <value>
                <![CDATA[Djibouti]]>
              </value>
            </param>
            <param index="1">
              <value>
                <![CDATA[CLASSIC]]>
              </value>
            </param>
            <param index="2">
              <value>
                <![CDATA[4.8]]>
              </value>
            </param>
            <param index="3">
              <value>
                <![CDATA[USD]]>
              </value>
            </param>
          </params>
          <reporter-output>
          </reporter-output>
        </test-method> <!-- Validate_Country_Currency_Package -->
      </class> <!-- Subscribe.Jawwy.testcases.Validate_Djibouti_Country_currency_Price_Test -->
    </test> <!-- Djibouti -->
    <test name="Chad" duration-ms="8568" started-at="2023-03-19T01:44:21 EET" finished-at="2023-03-19T01:44:30 EET">
      <class name="Subscribe.Jawwy.testcases.Validate_Chad_Country_currency_Price_Test">
        <test-method status="PASS" signature="Get_Country_currency_Package(java.lang.String, java.lang.String, java.lang.String, java.lang.String)[pri:1, instance:Subscribe.Jawwy.testcases.Validate_Chad_Country_currency_Price_Test@60b431]" name="Get_Country_currency_Package" duration-ms="309" started-at="2023-03-19T01:44:29 EET" data-provider="Chad" finished-at="2023-03-19T01:44:29 EET">
          <params>
            <param index="0">
              <value>
                <![CDATA[Chad]]>
              </value>
            </param>
            <param index="1">
              <value>
                <![CDATA[CLASSIC]]>
              </value>
            </param>
            <param index="2">
              <value>
                <![CDATA[4.8]]>
              </value>
            </param>
            <param index="3">
              <value>
                <![CDATA[USD]]>
              </value>
            </param>
          </params>
          <reporter-output>
          </reporter-output>
        </test-method> <!-- Get_Country_currency_Package -->
        <test-method status="PASS" signature="Validate_Country_Currency_Package(java.lang.String, java.lang.String, java.lang.String, java.lang.String)[pri:2, instance:Subscribe.Jawwy.testcases.Validate_Chad_Country_currency_Price_Test@60b431]" name="Validate_Country_Currency_Package" duration-ms="33" started-at="2023-03-19T01:44:29 EET" data-provider="Chad" finished-at="2023-03-19T01:44:29 EET">
          <params>
            <param index="0">
              <value>
                <![CDATA[Chad]]>
              </value>
            </param>
            <param index="1">
              <value>
                <![CDATA[CLASSIC]]>
              </value>
            </param>
            <param index="2">
              <value>
                <![CDATA[4.8]]>
              </value>
            </param>
            <param index="3">
              <value>
                <![CDATA[USD]]>
              </value>
            </param>
          </params>
          <reporter-output>
          </reporter-output>
        </test-method> <!-- Validate_Country_Currency_Package -->
      </class> <!-- Subscribe.Jawwy.testcases.Validate_Chad_Country_currency_Price_Test -->
      <class name="Subscribe.Jawwy.testcases.OpenURL_Test">
        <test-method status="PASS" signature="setup()[pri:1, instance:Subscribe.Jawwy.testcases.OpenURL_Test@b7f003]" name="setup" duration-ms="3059" started-at="2023-03-19T01:44:21 EET" finished-at="2023-03-19T01:44:24 EET">
          <reporter-output>
          </reporter-output>
        </test-method> <!-- setup -->
      </class> <!-- Subscribe.Jawwy.testcases.OpenURL_Test -->
      <class name="Subscribe.Jawwy.testcases.Validate_Avalaible_Packages_Test">
        <test-method status="PASS" signature="check_Lite_Package()[pri:1, instance:Subscribe.Jawwy.testcases.Validate_Avalaible_Packages_Test@12fc6eb]" name="check_Lite_Package" duration-ms="154" started-at="2023-03-19T01:44:28 EET" finished-at="2023-03-19T01:44:28 EET">
          <reporter-output>
          </reporter-output>
        </test-method> <!-- check_Lite_Package -->
        <test-method status="PASS" signature="check_classic_Package()[pri:2, instance:Subscribe.Jawwy.testcases.Validate_Avalaible_Packages_Test@12fc6eb]" name="check_classic_Package" duration-ms="124" started-at="2023-03-19T01:44:29 EET" finished-at="2023-03-19T01:44:29 EET">
          <reporter-output>
          </reporter-output>
        </test-method> <!-- check_classic_Package -->
        <test-method status="PASS" signature="check_PREMIUM_Package()[pri:3, instance:Subscribe.Jawwy.testcases.Validate_Avalaible_Packages_Test@12fc6eb]" name="check_PREMIUM_Package" duration-ms="79" started-at="2023-03-19T01:44:29 EET" finished-at="2023-03-19T01:44:29 EET">
          <reporter-output>
          </reporter-output>
        </test-method> <!-- check_PREMIUM_Package -->
      </class> <!-- Subscribe.Jawwy.testcases.Validate_Avalaible_Packages_Test -->
      <class name="Subscribe.Jawwy.testcases.CloseURL_Test">
        <test-method status="PASS" signature="close()[pri:1, instance:Subscribe.Jawwy.testcases.CloseURL_Test@12679d6]" name="close" duration-ms="94" started-at="2023-03-19T01:44:30 EET" finished-at="2023-03-19T01:44:30 EET">
          <reporter-output>
          </reporter-output>
        </test-method> <!-- close -->
      </class> <!-- Subscribe.Jawwy.testcases.CloseURL_Test -->
      <class name="Subscribe.Jawwy.testcases.Chad_Country_Selector_Test">
        <test-method status="PASS" signature="Countryselector()[pri:1, instance:Subscribe.Jawwy.testcases.Chad_Country_Selector_Test@afc191]" name="Countryselector" duration-ms="195" started-at="2023-03-19T01:44:24 EET" finished-at="2023-03-19T01:44:25 EET">
          <reporter-output>
          </reporter-output>
        </test-method> <!-- Countryselector -->
        <test-method status="PASS" signature="Chad()[pri:2, instance:Subscribe.Jawwy.testcases.Chad_Country_Selector_Test@afc191]" name="Chad" duration-ms="3110" started-at="2023-03-19T01:44:25 EET" finished-at="2023-03-19T01:44:28 EET">
          <reporter-output>
          </reporter-output>
        </test-method> <!-- Chad -->
      </class> <!-- Subscribe.Jawwy.testcases.Chad_Country_Selector_Test -->
    </test> <!-- Chad -->
    <test name="Iraq" duration-ms="6365" started-at="2023-03-19T01:44:30 EET" finished-at="2023-03-19T01:44:36 EET">
      <class name="Subscribe.Jawwy.testcases.OpenURL_Test">
        <test-method status="PASS" signature="setup()[pri:1, instance:Subscribe.Jawwy.testcases.OpenURL_Test@17942a1]" name="setup" duration-ms="3091" started-at="2023-03-19T01:44:30 EET" finished-at="2023-03-19T01:44:33 EET">
          <reporter-output>
          </reporter-output>
        </test-method> <!-- setup -->
      </class> <!-- Subscribe.Jawwy.testcases.OpenURL_Test -->
      <class name="Subscribe.Jawwy.testcases.Validate_Avalaible_Packages_Test">
        <test-method status="PASS" signature="check_Lite_Package()[pri:1, instance:Subscribe.Jawwy.testcases.Validate_Avalaible_Packages_Test@d1af89]" name="check_Lite_Package" duration-ms="112" started-at="2023-03-19T01:44:35 EET" finished-at="2023-03-19T01:44:35 EET">
          <reporter-output>
          </reporter-output>
        </test-method> <!-- check_Lite_Package -->
        <test-method status="PASS" signature="check_classic_Package()[pri:2, instance:Subscribe.Jawwy.testcases.Validate_Avalaible_Packages_Test@d1af89]" name="check_classic_Package" duration-ms="80" started-at="2023-03-19T01:44:35 EET" finished-at="2023-03-19T01:44:35 EET">
          <reporter-output>
          </reporter-output>
        </test-method> <!-- check_classic_Package -->
        <test-method status="PASS" signature="check_PREMIUM_Package()[pri:3, instance:Subscribe.Jawwy.testcases.Validate_Avalaible_Packages_Test@d1af89]" name="check_PREMIUM_Package" duration-ms="77" started-at="2023-03-19T01:44:35 EET" finished-at="2023-03-19T01:44:35 EET">
          <reporter-output>
          </reporter-output>
        </test-method> <!-- check_PREMIUM_Package -->
      </class> <!-- Subscribe.Jawwy.testcases.Validate_Avalaible_Packages_Test -->
      <class name="Subscribe.Jawwy.testcases.CloseURL_Test">
        <test-method status="PASS" signature="close()[pri:1, instance:Subscribe.Jawwy.testcases.CloseURL_Test@1374a5e]" name="close" duration-ms="93" started-at="2023-03-19T01:44:36 EET" finished-at="2023-03-19T01:44:36 EET">
          <reporter-output>
          </reporter-output>
        </test-method> <!-- close -->
      </class> <!-- Subscribe.Jawwy.testcases.CloseURL_Test -->
      <class name="Subscribe.Jawwy.testcases.Iraq_Country_Selector_Test">
        <test-method status="PASS" signature="Countryselector()[pri:1, instance:Subscribe.Jawwy.testcases.Iraq_Country_Selector_Test@87761d]" name="Countryselector" duration-ms="172" started-at="2023-03-19T01:44:33 EET" finished-at="2023-03-19T01:44:33 EET">
          <reporter-output>
          </reporter-output>
        </test-method> <!-- Countryselector -->
        <test-method status="PASS" signature="Iraq()[pri:2, instance:Subscribe.Jawwy.testcases.Iraq_Country_Selector_Test@87761d]" name="Iraq" duration-ms="1249" started-at="2023-03-19T01:44:33 EET" finished-at="2023-03-19T01:44:35 EET">
          <reporter-output>
          </reporter-output>
        </test-method> <!-- Iraq -->
      </class> <!-- Subscribe.Jawwy.testcases.Iraq_Country_Selector_Test -->
      <class name="Subscribe.Jawwy.testcases.Validate_Iraq_Country_currency_Price_Test">
        <test-method status="PASS" signature="Get_UAE_Country_currency_Package(java.lang.String, java.lang.String, java.lang.String, java.lang.String)[pri:1, instance:Subscribe.Jawwy.testcases.Validate_Iraq_Country_currency_Price_Test@646db9]" name="Get_UAE_Country_currency_Package" duration-ms="101" started-at="2023-03-19T01:44:36 EET" data-provider="Iraq" finished-at="2023-03-19T01:44:36 EET">
          <params>
            <param index="0">
              <value>
                <![CDATA[Iraq]]>
              </value>
            </param>
            <param index="1">
              <value>
                <![CDATA[CLASSIC]]>
              </value>
            </param>
            <param index="2">
              <value>
                <![CDATA[900.00]]>
              </value>
            </param>
            <param index="3">
              <value>
                <![CDATA[IQ]]>
              </value>
            </param>
          </params>
          <reporter-output>
          </reporter-output>
        </test-method> <!-- Get_UAE_Country_currency_Package -->
        <test-method status="PASS" signature="Validate_Country_Currency_Package(java.lang.String, java.lang.String, java.lang.String, java.lang.String)[pri:2, instance:Subscribe.Jawwy.testcases.Validate_Iraq_Country_currency_Price_Test@646db9]" name="Validate_Country_Currency_Package" duration-ms="34" started-at="2023-03-19T01:44:36 EET" data-provider="Iraq" finished-at="2023-03-19T01:44:36 EET">
          <params>
            <param index="0">
              <value>
                <![CDATA[Iraq]]>
              </value>
            </param>
            <param index="1">
              <value>
                <![CDATA[CLASSIC]]>
              </value>
            </param>
            <param index="2">
              <value>
                <![CDATA[900.00]]>
              </value>
            </param>
            <param index="3">
              <value>
                <![CDATA[IQ]]>
              </value>
            </param>
          </params>
          <reporter-output>
          </reporter-output>
        </test-method> <!-- Validate_Country_Currency_Package -->
      </class> <!-- Subscribe.Jawwy.testcases.Validate_Iraq_Country_currency_Price_Test -->
    </test> <!-- Iraq -->
    <test name="Jordan" duration-ms="8009" started-at="2023-03-19T01:44:36 EET" finished-at="2023-03-19T01:44:44 EET">
      <class name="Subscribe.Jawwy.testcases.OpenURL_Test">
        <test-method status="PASS" signature="setup()[pri:1, instance:Subscribe.Jawwy.testcases.OpenURL_Test@cd23d9]" name="setup" duration-ms="3113" started-at="2023-03-19T01:44:36 EET" finished-at="2023-03-19T01:44:39 EET">
          <reporter-output>
          </reporter-output>
        </test-method> <!-- setup -->
      </class> <!-- Subscribe.Jawwy.testcases.OpenURL_Test -->
      <class name="Subscribe.Jawwy.testcases.Validate_Avalaible_Packages_Test">
        <test-method status="PASS" signature="check_Lite_Package()[pri:1, instance:Subscribe.Jawwy.testcases.Validate_Avalaible_Packages_Test@1bd930a]" name="check_Lite_Package" duration-ms="92" started-at="2023-03-19T01:44:43 EET" finished-at="2023-03-19T01:44:43 EET">
          <reporter-output>
          </reporter-output>
        </test-method> <!-- check_Lite_Package -->
        <test-method status="PASS" signature="check_classic_Package()[pri:2, instance:Subscribe.Jawwy.testcases.Validate_Avalaible_Packages_Test@1bd930a]" name="check_classic_Package" duration-ms="77" started-at="2023-03-19T01:44:43 EET" finished-at="2023-03-19T01:44:43 EET">
          <reporter-output>
          </reporter-output>
        </test-method> <!-- check_classic_Package -->
        <test-method status="PASS" signature="check_PREMIUM_Package()[pri:3, instance:Subscribe.Jawwy.testcases.Validate_Avalaible_Packages_Test@1bd930a]" name="check_PREMIUM_Package" duration-ms="116" started-at="2023-03-19T01:44:43 EET" finished-at="2023-03-19T01:44:43 EET">
          <reporter-output>
          </reporter-output>
        </test-method> <!-- check_PREMIUM_Package -->
      </class> <!-- Subscribe.Jawwy.testcases.Validate_Avalaible_Packages_Test -->
      <class name="Subscribe.Jawwy.testcases.CloseURL_Test">
        <test-method status="PASS" signature="close()[pri:1, instance:Subscribe.Jawwy.testcases.CloseURL_Test@f6106c]" name="close" duration-ms="94" started-at="2023-03-19T01:44:44 EET" finished-at="2023-03-19T01:44:44 EET">
          <reporter-output>
          </reporter-output>
        </test-method> <!-- close -->
      </class> <!-- Subscribe.Jawwy.testcases.CloseURL_Test -->
      <class name="Subscribe.Jawwy.testcases.Jordan_Country_Selector_Test">
        <test-method status="PASS" signature="Countryselector()[pri:1, instance:Subscribe.Jawwy.testcases.Jordan_Country_Selector_Test@9cfc36]" name="Countryselector" duration-ms="170" started-at="2023-03-19T01:44:39 EET" finished-at="2023-03-19T01:44:40 EET">
          <reporter-output>
          </reporter-output>
        </test-method> <!-- Countryselector -->
        <test-method status="PASS" signature="Jordan()[pri:2, instance:Subscribe.Jawwy.testcases.Jordan_Country_Selector_Test@9cfc36]" name="Jordan" duration-ms="2764" started-at="2023-03-19T01:44:40 EET" finished-at="2023-03-19T01:44:43 EET">
          <reporter-output>
          </reporter-output>
        </test-method> <!-- Jordan -->
      </class> <!-- Subscribe.Jawwy.testcases.Jordan_Country_Selector_Test -->
      <class name="Subscribe.Jawwy.testcases.Validate_Jordan_Country_currency_Price_Test">
        <test-method status="PASS" signature="Get_UAE_Country_currency_Package(java.lang.String, java.lang.String, java.lang.String, java.lang.String)[pri:1, instance:Subscribe.Jawwy.testcases.Validate_Jordan_Country_currency_Price_Test@1723e30]" name="Get_UAE_Country_currency_Package" duration-ms="123" started-at="2023-03-19T01:44:44 EET" data-provider="Jordan" finished-at="2023-03-19T01:44:44 EET">
          <params>
            <param index="0">
              <value>
                <![CDATA[Jordan]]>
              </value>
            </param>
            <param index="1">
              <value>
                <![CDATA[CLASSIC]]>
              </value>
            </param>
            <param index="2">
              <value>
                <![CDATA[0.99]]>
              </value>
            </param>
            <param index="3">
              <value>
                <![CDATA[JOD]]>
              </value>
            </param>
          </params>
          <reporter-output>
          </reporter-output>
        </test-method> <!-- Get_UAE_Country_currency_Package -->
        <test-method status="PASS" signature="Validate_Country_Currency_Package(java.lang.String, java.lang.String, java.lang.String, java.lang.String)[pri:2, instance:Subscribe.Jawwy.testcases.Validate_Jordan_Country_currency_Price_Test@1723e30]" name="Validate_Country_Currency_Package" duration-ms="27" started-at="2023-03-19T01:44:44 EET" data-provider="Jordan" finished-at="2023-03-19T01:44:44 EET">
          <params>
            <param index="0">
              <value>
                <![CDATA[Jordan]]>
              </value>
            </param>
            <param index="1">
              <value>
                <![CDATA[CLASSIC]]>
              </value>
            </param>
            <param index="2">
              <value>
                <![CDATA[0.99]]>
              </value>
            </param>
            <param index="3">
              <value>
                <![CDATA[JOD]]>
              </value>
            </param>
          </params>
          <reporter-output>
          </reporter-output>
        </test-method> <!-- Validate_Country_Currency_Package -->
      </class> <!-- Subscribe.Jawwy.testcases.Validate_Jordan_Country_currency_Price_Test -->
    </test> <!-- Jordan -->
    <test name="Lebanon" duration-ms="6298" started-at="2023-03-19T01:44:44 EET" finished-at="2023-03-19T01:44:50 EET">
      <class name="Subscribe.Jawwy.testcases.OpenURL_Test">
        <test-method status="PASS" signature="setup()[pri:1, instance:Subscribe.Jawwy.testcases.OpenURL_Test@eebfca]" name="setup" duration-ms="2974" started-at="2023-03-19T01:44:44 EET" finished-at="2023-03-19T01:44:47 EET">
          <reporter-output>
          </reporter-output>
        </test-method> <!-- setup -->
      </class> <!-- Subscribe.Jawwy.testcases.OpenURL_Test -->
      <class name="Subscribe.Jawwy.testcases.Validate_Avalaible_Packages_Test">
        <test-method status="PASS" signature="check_Lite_Package()[pri:1, instance:Subscribe.Jawwy.testcases.Validate_Avalaible_Packages_Test@1371b2d]" name="check_Lite_Package" duration-ms="92" started-at="2023-03-19T01:44:49 EET" finished-at="2023-03-19T01:44:49 EET">
          <reporter-output>
          </reporter-output>
        </test-method> <!-- check_Lite_Package -->
        <test-method status="PASS" signature="check_classic_Package()[pri:2, instance:Subscribe.Jawwy.testcases.Validate_Avalaible_Packages_Test@1371b2d]" name="check_classic_Package" duration-ms="109" started-at="2023-03-19T01:44:49 EET" finished-at="2023-03-19T01:44:49 EET">
          <reporter-output>
          </reporter-output>
        </test-method> <!-- check_classic_Package -->
        <test-method status="PASS" signature="check_PREMIUM_Package()[pri:3, instance:Subscribe.Jawwy.testcases.Validate_Avalaible_Packages_Test@1371b2d]" name="check_PREMIUM_Package" duration-ms="85" started-at="2023-03-19T01:44:50 EET" finished-at="2023-03-19T01:44:50 EET">
          <reporter-output>
          </reporter-output>
        </test-method> <!-- check_PREMIUM_Package -->
      </class> <!-- Subscribe.Jawwy.testcases.Validate_Avalaible_Packages_Test -->
      <class name="Subscribe.Jawwy.testcases.CloseURL_Test">
        <test-method status="PASS" signature="close()[pri:1, instance:Subscribe.Jawwy.testcases.CloseURL_Test@1eb8acf]" name="close" duration-ms="106" started-at="2023-03-19T01:44:50 EET" finished-at="2023-03-19T01:44:50 EET">
          <reporter-output>
          </reporter-output>
        </test-method> <!-- close -->
      </class> <!-- Subscribe.Jawwy.testcases.CloseURL_Test -->
      <class name="Subscribe.Jawwy.testcases.Lebanon_Country_Selector_Test">
        <test-method status="PASS" signature="Countryselector()[pri:1, instance:Subscribe.Jawwy.testcases.Lebanon_Country_Selector_Test@718207]" name="Countryselector" duration-ms="161" started-at="2023-03-19T01:44:47 EET" finished-at="2023-03-19T01:44:47 EET">
          <reporter-output>
          </reporter-output>
        </test-method> <!-- Countryselector -->
        <test-method status="PASS" signature="Lebanon()[pri:2, instance:Subscribe.Jawwy.testcases.Lebanon_Country_Selector_Test@718207]" name="Lebanon" duration-ms="1198" started-at="2023-03-19T01:44:48 EET" finished-at="2023-03-19T01:44:49 EET">
          <reporter-output>
          </reporter-output>
        </test-method> <!-- Lebanon -->
      </class> <!-- Subscribe.Jawwy.testcases.Lebanon_Country_Selector_Test -->
      <class name="Subscribe.Jawwy.testcases.Validate_Lebanon_Country_currency_Price_Test">
        <test-method status="PASS" signature="Get_Country_currency_Package(java.lang.String, java.lang.String, java.lang.String, java.lang.String)[pri:1, instance:Subscribe.Jawwy.testcases.Validate_Lebanon_Country_currency_Price_Test@3c6f6d]" name="Get_Country_currency_Package" duration-ms="192" started-at="2023-03-19T01:44:50 EET" data-provider="Lebanon" finished-at="2023-03-19T01:44:50 EET">
          <params>
            <param index="0">
              <value>
                <![CDATA[Lebanon]]>
              </value>
            </param>
            <param index="1">
              <value>
                <![CDATA[CLASSIC]]>
              </value>
            </param>
            <param index="2">
              <value>
                <![CDATA[4.8]]>
              </value>
            </param>
            <param index="3">
              <value>
                <![CDATA[USD]]>
              </value>
            </param>
          </params>
          <reporter-output>
          </reporter-output>
        </test-method> <!-- Get_Country_currency_Package -->
        <test-method status="PASS" signature="Validate_Country_Currency_Package(java.lang.String, java.lang.String, java.lang.String, java.lang.String)[pri:2, instance:Subscribe.Jawwy.testcases.Validate_Lebanon_Country_currency_Price_Test@3c6f6d]" name="Validate_Country_Currency_Package" duration-ms="27" started-at="2023-03-19T01:44:50 EET" data-provider="Lebanon" finished-at="2023-03-19T01:44:50 EET">
          <params>
            <param index="0">
              <value>
                <![CDATA[Lebanon]]>
              </value>
            </param>
            <param index="1">
              <value>
                <![CDATA[CLASSIC]]>
              </value>
            </param>
            <param index="2">
              <value>
                <![CDATA[4.8]]>
              </value>
            </param>
            <param index="3">
              <value>
                <![CDATA[USD]]>
              </value>
            </param>
          </params>
          <reporter-output>
          </reporter-output>
        </test-method> <!-- Validate_Country_Currency_Package -->
      </class> <!-- Subscribe.Jawwy.testcases.Validate_Lebanon_Country_currency_Price_Test -->
    </test> <!-- Lebanon -->
    <test name="Morocco" duration-ms="6739" started-at="2023-03-19T01:44:50 EET" finished-at="2023-03-19T01:44:57 EET">
      <class name="Subscribe.Jawwy.testcases.OpenURL_Test">
        <test-method status="PASS" signature="setup()[pri:1, instance:Subscribe.Jawwy.testcases.OpenURL_Test@eeefeb]" name="setup" duration-ms="3267" started-at="2023-03-19T01:44:50 EET" finished-at="2023-03-19T01:44:54 EET">
          <reporter-output>
          </reporter-output>
        </test-method> <!-- setup -->
      </class> <!-- Subscribe.Jawwy.testcases.OpenURL_Test -->
      <class name="Subscribe.Jawwy.testcases.Validate_Avalaible_Packages_Test">
        <test-method status="PASS" signature="check_Lite_Package()[pri:1, instance:Subscribe.Jawwy.testcases.Validate_Avalaible_Packages_Test@91771e]" name="check_Lite_Package" duration-ms="92" started-at="2023-03-19T01:44:56 EET" finished-at="2023-03-19T01:44:56 EET">
          <reporter-output>
          </reporter-output>
        </test-method> <!-- check_Lite_Package -->
        <test-method status="PASS" signature="check_classic_Package()[pri:2, instance:Subscribe.Jawwy.testcases.Validate_Avalaible_Packages_Test@91771e]" name="check_classic_Package" duration-ms="89" started-at="2023-03-19T01:44:56 EET" finished-at="2023-03-19T01:44:56 EET">
          <reporter-output>
          </reporter-output>
        </test-method> <!-- check_classic_Package -->
        <test-method status="PASS" signature="check_PREMIUM_Package()[pri:3, instance:Subscribe.Jawwy.testcases.Validate_Avalaible_Packages_Test@91771e]" name="check_PREMIUM_Package" duration-ms="82" started-at="2023-03-19T01:44:56 EET" finished-at="2023-03-19T01:44:56 EET">
          <reporter-output>
          </reporter-output>
        </test-method> <!-- check_PREMIUM_Package -->
      </class> <!-- Subscribe.Jawwy.testcases.Validate_Avalaible_Packages_Test -->
      <class name="Subscribe.Jawwy.testcases.CloseURL_Test">
        <test-method status="PASS" signature="close()[pri:1, instance:Subscribe.Jawwy.testcases.CloseURL_Test@1e8284b]" name="close" duration-ms="105" started-at="2023-03-19T01:44:57 EET" finished-at="2023-03-19T01:44:57 EET">
          <reporter-output>
          </reporter-output>
        </test-method> <!-- close -->
      </class> <!-- Subscribe.Jawwy.testcases.CloseURL_Test -->
      <class name="Subscribe.Jawwy.testcases.Morocco_Country_Selector_Test">
        <test-method status="PASS" signature="Countryselector()[pri:1, instance:Subscribe.Jawwy.testcases.Morocco_Country_Selector_Test@1d0685f]" name="Countryselector" duration-ms="177" started-at="2023-03-19T01:44:54 EET" finished-at="2023-03-19T01:44:54 EET">
          <reporter-output>
          </reporter-output>
        </test-method> <!-- Countryselector -->
        <test-method status="PASS" signature="Morocco()[pri:2, instance:Subscribe.Jawwy.testcases.Morocco_Country_Selector_Test@1d0685f]" name="Morocco" duration-ms="1310" started-at="2023-03-19T01:44:54 EET" finished-at="2023-03-19T01:44:56 EET">
          <reporter-output>
          </reporter-output>
        </test-method> <!-- Morocco -->
      </class> <!-- Subscribe.Jawwy.testcases.Morocco_Country_Selector_Test -->
      <class name="Subscribe.Jawwy.testcases.Validate_Morocco_Country_currency_Price_Test">
        <test-method status="PASS" signature="Get_Country_currency_Package(java.lang.String, java.lang.String, java.lang.String, java.lang.String)[pri:1, instance:Subscribe.Jawwy.testcases.Validate_Morocco_Country_currency_Price_Test@ac1102]" name="Get_Country_currency_Package" duration-ms="189" started-at="2023-03-19T01:44:57 EET" data-provider="Morocco" finished-at="2023-03-19T01:44:57 EET">
          <params>
            <param index="0">
              <value>
                <![CDATA[Morocco]]>
              </value>
            </param>
            <param index="1">
              <value>
                <![CDATA[CLASSIC]]>
              </value>
            </param>
            <param index="2">
              <value>
                <![CDATA[3.9]]>
              </value>
            </param>
            <param index="3">
              <value>
                <![CDATA[USD]]>
              </value>
            </param>
          </params>
          <reporter-output>
          </reporter-output>
        </test-method> <!-- Get_Country_currency_Package -->
        <test-method status="PASS" signature="Validate_Country_Currency_Package(java.lang.String, java.lang.String, java.lang.String, java.lang.String)[pri:2, instance:Subscribe.Jawwy.testcases.Validate_Morocco_Country_currency_Price_Test@ac1102]" name="Validate_Country_Currency_Package" duration-ms="27" started-at="2023-03-19T01:44:57 EET" data-provider="Morocco" finished-at="2023-03-19T01:44:57 EET">
          <params>
            <param index="0">
              <value>
                <![CDATA[Morocco]]>
              </value>
            </param>
            <param index="1">
              <value>
                <![CDATA[CLASSIC]]>
              </value>
            </param>
            <param index="2">
              <value>
                <![CDATA[3.9]]>
              </value>
            </param>
            <param index="3">
              <value>
                <![CDATA[USD]]>
              </value>
            </param>
          </params>
          <reporter-output>
          </reporter-output>
        </test-method> <!-- Validate_Country_Currency_Package -->
      </class> <!-- Subscribe.Jawwy.testcases.Validate_Morocco_Country_currency_Price_Test -->
    </test> <!-- Morocco -->
    <test name="Oman" duration-ms="6885" started-at="2023-03-19T01:44:57 EET" finished-at="2023-03-19T01:45:04 EET">
      <class name="Subscribe.Jawwy.testcases.OpenURL_Test">
        <test-method status="PASS" signature="setup()[pri:1, instance:Subscribe.Jawwy.testcases.OpenURL_Test@2663d3]" name="setup" duration-ms="3665" started-at="2023-03-19T01:44:57 EET" finished-at="2023-03-19T01:45:01 EET">
          <reporter-output>
          </reporter-output>
        </test-method> <!-- setup -->
      </class> <!-- Subscribe.Jawwy.testcases.OpenURL_Test -->
      <class name="Subscribe.Jawwy.testcases.Validate_Avalaible_Packages_Test">
        <test-method status="PASS" signature="check_Lite_Package()[pri:1, instance:Subscribe.Jawwy.testcases.Validate_Avalaible_Packages_Test@485a47]" name="check_Lite_Package" duration-ms="77" started-at="2023-03-19T01:45:03 EET" finished-at="2023-03-19T01:45:03 EET">
          <reporter-output>
          </reporter-output>
        </test-method> <!-- check_Lite_Package -->
        <test-method status="PASS" signature="check_classic_Package()[pri:2, instance:Subscribe.Jawwy.testcases.Validate_Avalaible_Packages_Test@485a47]" name="check_classic_Package" duration-ms="119" started-at="2023-03-19T01:45:03 EET" finished-at="2023-03-19T01:45:03 EET">
          <reporter-output>
          </reporter-output>
        </test-method> <!-- check_classic_Package -->
        <test-method status="PASS" signature="check_PREMIUM_Package()[pri:3, instance:Subscribe.Jawwy.testcases.Validate_Avalaible_Packages_Test@485a47]" name="check_PREMIUM_Package" duration-ms="82" started-at="2023-03-19T01:45:03 EET" finished-at="2023-03-19T01:45:03 EET">
          <reporter-output>
          </reporter-output>
        </test-method> <!-- check_PREMIUM_Package -->
      </class> <!-- Subscribe.Jawwy.testcases.Validate_Avalaible_Packages_Test -->
      <class name="Subscribe.Jawwy.testcases.CloseURL_Test">
        <test-method status="PASS" signature="close()[pri:1, instance:Subscribe.Jawwy.testcases.CloseURL_Test@c8211c]" name="close" duration-ms="98" started-at="2023-03-19T01:45:04 EET" finished-at="2023-03-19T01:45:04 EET">
          <reporter-output>
          </reporter-output>
        </test-method> <!-- close -->
      </class> <!-- Subscribe.Jawwy.testcases.CloseURL_Test -->
      <class name="Subscribe.Jawwy.testcases.Validate_Oman_Country_currency_Price_Test">
        <test-method status="PASS" signature="Get_UAE_Country_currency_Package(java.lang.String, java.lang.String, java.lang.String, java.lang.String)[pri:1, instance:Subscribe.Jawwy.testcases.Validate_Oman_Country_currency_Price_Test@1bbf683]" name="Get_UAE_Country_currency_Package" duration-ms="105" started-at="2023-03-19T01:45:04 EET" data-provider="Oman" finished-at="2023-03-19T01:45:04 EET">
          <params>
            <param index="0">
              <value>
                <![CDATA[Oman]]>
              </value>
            </param>
            <param index="1">
              <value>
                <![CDATA[CLASSIC]]>
              </value>
            </param>
            <param index="2">
              <value>
                <![CDATA[1.00]]>
              </value>
            </param>
            <param index="3">
              <value>
                <![CDATA[OMR]]>
              </value>
            </param>
          </params>
          <reporter-output>
          </reporter-output>
        </test-method> <!-- Get_UAE_Country_currency_Package -->
        <test-method status="PASS" signature="Validate_Country_Currency_Package(java.lang.String, java.lang.String, java.lang.String, java.lang.String)[pri:2, instance:Subscribe.Jawwy.testcases.Validate_Oman_Country_currency_Price_Test@1bbf683]" name="Validate_Country_Currency_Package" duration-ms="29" started-at="2023-03-19T01:45:04 EET" data-provider="Oman" finished-at="2023-03-19T01:45:04 EET">
          <params>
            <param index="0">
              <value>
                <![CDATA[Oman]]>
              </value>
            </param>
            <param index="1">
              <value>
                <![CDATA[CLASSIC]]>
              </value>
            </param>
            <param index="2">
              <value>
                <![CDATA[1.00]]>
              </value>
            </param>
            <param index="3">
              <value>
                <![CDATA[OMR]]>
              </value>
            </param>
          </params>
          <reporter-output>
          </reporter-output>
        </test-method> <!-- Validate_Country_Currency_Package -->
      </class> <!-- Subscribe.Jawwy.testcases.Validate_Oman_Country_currency_Price_Test -->
      <class name="Subscribe.Jawwy.testcases.Oman_Country_Selector_Test">
        <test-method status="PASS" signature="Countryselector()[pri:1, instance:Subscribe.Jawwy.testcases.Oman_Country_Selector_Test@190a65e]" name="Countryselector" duration-ms="160" started-at="2023-03-19T01:45:01 EET" finished-at="2023-03-19T01:45:01 EET">
          <reporter-output>
          </reporter-output>
        </test-method> <!-- Countryselector -->
        <test-method status="PASS" signature="Oman()[pri:2, instance:Subscribe.Jawwy.testcases.Oman_Country_Selector_Test@190a65e]" name="Oman" duration-ms="1158" started-at="2023-03-19T01:45:02 EET" finished-at="2023-03-19T01:45:03 EET">
          <reporter-output>
          </reporter-output>
        </test-method> <!-- Oman -->
      </class> <!-- Subscribe.Jawwy.testcases.Oman_Country_Selector_Test -->
    </test> <!-- Oman -->
    <test name="Tunisia" duration-ms="8147" started-at="2023-03-19T01:45:04 EET" finished-at="2023-03-19T01:45:12 EET">
      <class name="Subscribe.Jawwy.testcases.Validate_Tunisia_Country_currency_Price_Test">
        <test-method status="PASS" signature="Get_Country_currency_Package(java.lang.String, java.lang.String, java.lang.String, java.lang.String)[pri:1, instance:Subscribe.Jawwy.testcases.Validate_Tunisia_Country_currency_Price_Test@da0940]" name="Get_Country_currency_Package" duration-ms="121" started-at="2023-03-19T01:45:12 EET" data-provider="Tunisia" finished-at="2023-03-19T01:45:12 EET">
          <params>
            <param index="0">
              <value>
                <![CDATA[Tunisia]]>
              </value>
            </param>
            <param index="1">
              <value>
                <![CDATA[CLASSIC]]>
              </value>
            </param>
            <param index="2">
              <value>
                <![CDATA[1.00]]>
              </value>
            </param>
            <param index="3">
              <value>
                <![CDATA[TND]]>
              </value>
            </param>
          </params>
          <reporter-output>
          </reporter-output>
        </test-method> <!-- Get_Country_currency_Package -->
        <test-method status="PASS" signature="Validate_Country_Currency_Package(java.lang.String, java.lang.String, java.lang.String, java.lang.String)[pri:2, instance:Subscribe.Jawwy.testcases.Validate_Tunisia_Country_currency_Price_Test@da0940]" name="Validate_Country_Currency_Package" duration-ms="33" started-at="2023-03-19T01:45:12 EET" data-provider="Tunisia" finished-at="2023-03-19T01:45:12 EET">
          <params>
            <param index="0">
              <value>
                <![CDATA[Tunisia]]>
              </value>
            </param>
            <param index="1">
              <value>
                <![CDATA[CLASSIC]]>
              </value>
            </param>
            <param index="2">
              <value>
                <![CDATA[1.00]]>
              </value>
            </param>
            <param index="3">
              <value>
                <![CDATA[TND]]>
              </value>
            </param>
          </params>
          <reporter-output>
          </reporter-output>
        </test-method> <!-- Validate_Country_Currency_Package -->
      </class> <!-- Subscribe.Jawwy.testcases.Validate_Tunisia_Country_currency_Price_Test -->
      <class name="Subscribe.Jawwy.testcases.OpenURL_Test">
        <test-method status="PASS" signature="setup()[pri:1, instance:Subscribe.Jawwy.testcases.OpenURL_Test@4d6e83]" name="setup" duration-ms="3192" started-at="2023-03-19T01:45:04 EET" finished-at="2023-03-19T01:45:07 EET">
          <reporter-output>
          </reporter-output>
        </test-method> <!-- setup -->
      </class> <!-- Subscribe.Jawwy.testcases.OpenURL_Test -->
      <class name="Subscribe.Jawwy.testcases.Validate_Avalaible_Packages_Test">
        <test-method status="PASS" signature="check_Lite_Package()[pri:1, instance:Subscribe.Jawwy.testcases.Validate_Avalaible_Packages_Test@b21112]" name="check_Lite_Package" duration-ms="120" started-at="2023-03-19T01:45:11 EET" finished-at="2023-03-19T01:45:11 EET">
          <reporter-output>
          </reporter-output>
        </test-method> <!-- check_Lite_Package -->
        <test-method status="PASS" signature="check_classic_Package()[pri:2, instance:Subscribe.Jawwy.testcases.Validate_Avalaible_Packages_Test@b21112]" name="check_classic_Package" duration-ms="83" started-at="2023-03-19T01:45:11 EET" finished-at="2023-03-19T01:45:11 EET">
          <reporter-output>
          </reporter-output>
        </test-method> <!-- check_classic_Package -->
        <test-method status="PASS" signature="check_PREMIUM_Package()[pri:3, instance:Subscribe.Jawwy.testcases.Validate_Avalaible_Packages_Test@b21112]" name="check_PREMIUM_Package" duration-ms="89" started-at="2023-03-19T01:45:11 EET" finished-at="2023-03-19T01:45:11 EET">
          <reporter-output>
          </reporter-output>
        </test-method> <!-- check_PREMIUM_Package -->
      </class> <!-- Subscribe.Jawwy.testcases.Validate_Avalaible_Packages_Test -->
      <class name="Subscribe.Jawwy.testcases.CloseURL_Test">
        <test-method status="PASS" signature="close()[pri:1, instance:Subscribe.Jawwy.testcases.CloseURL_Test@178436e]" name="close" duration-ms="98" started-at="2023-03-19T01:45:12 EET" finished-at="2023-03-19T01:45:12 EET">
          <reporter-output>
          </reporter-output>
        </test-method> <!-- close -->
      </class> <!-- Subscribe.Jawwy.testcases.CloseURL_Test -->
      <class name="Subscribe.Jawwy.testcases.Tunisia_Country_Selector_Test">
        <test-method status="PASS" signature="Countryselector()[pri:1, instance:Subscribe.Jawwy.testcases.Tunisia_Country_Selector_Test@1a0cee9]" name="Countryselector" duration-ms="160" started-at="2023-03-19T01:45:07 EET" finished-at="2023-03-19T01:45:08 EET">
          <reporter-output>
          </reporter-output>
        </test-method> <!-- Countryselector -->
        <test-method status="PASS" signature="Tunisia()[pri:2, instance:Subscribe.Jawwy.testcases.Tunisia_Country_Selector_Test@1a0cee9]" name="Tunisia" duration-ms="2778" started-at="2023-03-19T01:45:08 EET" finished-at="2023-03-19T01:45:11 EET">
          <reporter-output>
          </reporter-output>
        </test-method> <!-- Tunisia -->
      </class> <!-- Subscribe.Jawwy.testcases.Tunisia_Country_Selector_Test -->
    </test> <!-- Tunisia -->
    <test name="Yemen" duration-ms="6982" started-at="2023-03-19T01:45:12 EET" finished-at="2023-03-19T01:45:19 EET">
      <class name="Subscribe.Jawwy.testcases.OpenURL_Test">
        <test-method status="PASS" signature="setup()[pri:1, instance:Subscribe.Jawwy.testcases.OpenURL_Test@9494d8]" name="setup" duration-ms="3270" started-at="2023-03-19T01:45:12 EET" finished-at="2023-03-19T01:45:15 EET">
          <reporter-output>
          </reporter-output>
        </test-method> <!-- setup -->
      </class> <!-- Subscribe.Jawwy.testcases.OpenURL_Test -->
      <class name="Subscribe.Jawwy.testcases.Validate_Avalaible_Packages_Test">
        <test-method status="PASS" signature="check_Lite_Package()[pri:1, instance:Subscribe.Jawwy.testcases.Validate_Avalaible_Packages_Test@6007f4]" name="check_Lite_Package" duration-ms="85" started-at="2023-03-19T01:45:18 EET" finished-at="2023-03-19T01:45:18 EET">
          <reporter-output>
          </reporter-output>
        </test-method> <!-- check_Lite_Package -->
        <test-method status="PASS" signature="check_classic_Package()[pri:2, instance:Subscribe.Jawwy.testcases.Validate_Avalaible_Packages_Test@6007f4]" name="check_classic_Package" duration-ms="149" started-at="2023-03-19T01:45:18 EET" finished-at="2023-03-19T01:45:18 EET">
          <reporter-output>
          </reporter-output>
        </test-method> <!-- check_classic_Package -->
        <test-method status="PASS" signature="check_PREMIUM_Package()[pri:3, instance:Subscribe.Jawwy.testcases.Validate_Avalaible_Packages_Test@6007f4]" name="check_PREMIUM_Package" duration-ms="87" started-at="2023-03-19T01:45:18 EET" finished-at="2023-03-19T01:45:18 EET">
          <reporter-output>
          </reporter-output>
        </test-method> <!-- check_PREMIUM_Package -->
      </class> <!-- Subscribe.Jawwy.testcases.Validate_Avalaible_Packages_Test -->
      <class name="Subscribe.Jawwy.testcases.CloseURL_Test">
        <test-method status="PASS" signature="close()[pri:1, instance:Subscribe.Jawwy.testcases.CloseURL_Test@186a70]" name="close" duration-ms="90" started-at="2023-03-19T01:45:19 EET" finished-at="2023-03-19T01:45:19 EET">
          <reporter-output>
          </reporter-output>
        </test-method> <!-- close -->
      </class> <!-- Subscribe.Jawwy.testcases.CloseURL_Test -->
      <class name="Subscribe.Jawwy.testcases.Yemen_Country_Selector_Test">
        <test-method status="PASS" signature="Countryselector()[pri:1, instance:Subscribe.Jawwy.testcases.Yemen_Country_Selector_Test@10726a3]" name="Countryselector" duration-ms="157" started-at="2023-03-19T01:45:16 EET" finished-at="2023-03-19T01:45:16 EET">
          <reporter-output>
          </reporter-output>
        </test-method> <!-- Countryselector -->
        <test-method status="PASS" signature="Yemen()[pri:2, instance:Subscribe.Jawwy.testcases.Yemen_Country_Selector_Test@10726a3]" name="Yemen" duration-ms="1376" started-at="2023-03-19T01:45:16 EET" finished-at="2023-03-19T01:45:18 EET">
          <reporter-output>
          </reporter-output>
        </test-method> <!-- Yemen -->
      </class> <!-- Subscribe.Jawwy.testcases.Yemen_Country_Selector_Test -->
      <class name="Subscribe.Jawwy.testcases.Validate_Yemen_Country_currency_Price_Test">
        <test-method status="PASS" signature="Get_Country_currency_Package(java.lang.String, java.lang.String, java.lang.String, java.lang.String)[pri:1, instance:Subscribe.Jawwy.testcases.Validate_Yemen_Country_currency_Price_Test@1a15ff]" name="Get_Country_currency_Package" duration-ms="197" started-at="2023-03-19T01:45:19 EET" data-provider="Yemen" finished-at="2023-03-19T01:45:19 EET">
          <params>
            <param index="0">
              <value>
                <![CDATA[Yemen]]>
              </value>
            </param>
            <param index="1">
              <value>
                <![CDATA[CLASSIC]]>
              </value>
            </param>
            <param index="2">
              <value>
                <![CDATA[4.8]]>
              </value>
            </param>
            <param index="3">
              <value>
                <![CDATA[USD]]>
              </value>
            </param>
          </params>
          <reporter-output>
          </reporter-output>
        </test-method> <!-- Get_Country_currency_Package -->
        <test-method status="PASS" signature="Validate_Country_Currency_Package(java.lang.String, java.lang.String, java.lang.String, java.lang.String)[pri:2, instance:Subscribe.Jawwy.testcases.Validate_Yemen_Country_currency_Price_Test@1a15ff]" name="Validate_Country_Currency_Package" duration-ms="22" started-at="2023-03-19T01:45:19 EET" data-provider="Yemen" finished-at="2023-03-19T01:45:19 EET">
          <params>
            <param index="0">
              <value>
                <![CDATA[Yemen]]>
              </value>
            </param>
            <param index="1">
              <value>
                <![CDATA[CLASSIC]]>
              </value>
            </param>
            <param index="2">
              <value>
                <![CDATA[4.8]]>
              </value>
            </param>
            <param index="3">
              <value>
                <![CDATA[USD]]>
              </value>
            </param>
          </params>
          <reporter-output>
          </reporter-output>
        </test-method> <!-- Validate_Country_Currency_Package -->
      </class> <!-- Subscribe.Jawwy.testcases.Validate_Yemen_Country_currency_Price_Test -->
    </test> <!-- Yemen -->
    <test name="Palestine" duration-ms="6670" started-at="2023-03-19T01:45:19 EET" finished-at="2023-03-19T01:45:26 EET">
      <class name="Subscribe.Jawwy.testcases.Validate_Palestine_Country_currency_Price_Test">
        <test-method status="PASS" signature="Get_UAE_Country_currency_Package(java.lang.String, java.lang.String, java.lang.String, java.lang.String)[pri:1, instance:Subscribe.Jawwy.testcases.Validate_Palestine_Country_currency_Price_Test@f7c8c1]" name="Get_UAE_Country_currency_Package" duration-ms="220" started-at="2023-03-19T01:45:25 EET" data-provider="Palestine" finished-at="2023-03-19T01:45:25 EET">
          <params>
            <param index="0">
              <value>
                <![CDATA[Palestine]]>
              </value>
            </param>
            <param index="1">
              <value>
                <![CDATA[CLASSIC]]>
              </value>
            </param>
            <param index="2">
              <value>
                <![CDATA[4.8]]>
              </value>
            </param>
            <param index="3">
              <value>
                <![CDATA[USD]]>
              </value>
            </param>
          </params>
          <reporter-output>
          </reporter-output>
        </test-method> <!-- Get_UAE_Country_currency_Package -->
        <test-method status="PASS" signature="Validate_Country_Currency_Package(java.lang.String, java.lang.String, java.lang.String, java.lang.String)[pri:2, instance:Subscribe.Jawwy.testcases.Validate_Palestine_Country_currency_Price_Test@f7c8c1]" name="Validate_Country_Currency_Package" duration-ms="19" started-at="2023-03-19T01:45:26 EET" data-provider="Palestine" finished-at="2023-03-19T01:45:26 EET">
          <params>
            <param index="0">
              <value>
                <![CDATA[Palestine]]>
              </value>
            </param>
            <param index="1">
              <value>
                <![CDATA[CLASSIC]]>
              </value>
            </param>
            <param index="2">
              <value>
                <![CDATA[4.8]]>
              </value>
            </param>
            <param index="3">
              <value>
                <![CDATA[USD]]>
              </value>
            </param>
          </params>
          <reporter-output>
          </reporter-output>
        </test-method> <!-- Validate_Country_Currency_Package -->
      </class> <!-- Subscribe.Jawwy.testcases.Validate_Palestine_Country_currency_Price_Test -->
      <class name="Subscribe.Jawwy.testcases.OpenURL_Test">
        <test-method status="PASS" signature="loadConfig()[pri:0, instance:Subscribe.Jawwy.testcases.OpenURL_Test@4921a5]" name="loadConfig" is-config="true" duration-ms="120" started-at="2023-03-19T01:43:51 EET" finished-at="2023-03-19T01:43:51 EET">
          <reporter-output>
          </reporter-output>
        </test-method> <!-- loadConfig -->
        <test-method status="PASS" signature="setup()[pri:1, instance:Subscribe.Jawwy.testcases.OpenURL_Test@4921a5]" name="setup" duration-ms="3043" started-at="2023-03-19T01:45:19 EET" finished-at="2023-03-19T01:45:22 EET">
          <reporter-output>
          </reporter-output>
        </test-method> <!-- setup -->
        <test-method status="PASS" signature="afterSuite()[pri:0, instance:Subscribe.Jawwy.testcases.OpenURL_Test@4921a5]" name="afterSuite" is-config="true" duration-ms="250" started-at="2023-03-19T01:45:26 EET" finished-at="2023-03-19T01:45:26 EET">
          <reporter-output>
          </reporter-output>
        </test-method> <!-- afterSuite -->
      </class> <!-- Subscribe.Jawwy.testcases.OpenURL_Test -->
      <class name="Subscribe.Jawwy.testcases.Validate_Avalaible_Packages_Test">
        <test-method status="PASS" signature="check_Lite_Package()[pri:1, instance:Subscribe.Jawwy.testcases.Validate_Avalaible_Packages_Test@a35978]" name="check_Lite_Package" duration-ms="159" started-at="2023-03-19T01:45:24 EET" finished-at="2023-03-19T01:45:25 EET">
          <reporter-output>
          </reporter-output>
        </test-method> <!-- check_Lite_Package -->
        <test-method status="PASS" signature="check_classic_Package()[pri:2, instance:Subscribe.Jawwy.testcases.Validate_Avalaible_Packages_Test@a35978]" name="check_classic_Package" duration-ms="77" started-at="2023-03-19T01:45:25 EET" finished-at="2023-03-19T01:45:25 EET">
          <reporter-output>
          </reporter-output>
        </test-method> <!-- check_classic_Package -->
        <test-method status="PASS" signature="check_PREMIUM_Package()[pri:3, instance:Subscribe.Jawwy.testcases.Validate_Avalaible_Packages_Test@a35978]" name="check_PREMIUM_Package" duration-ms="90" started-at="2023-03-19T01:45:25 EET" finished-at="2023-03-19T01:45:25 EET">
          <reporter-output>
          </reporter-output>
        </test-method> <!-- check_PREMIUM_Package -->
      </class> <!-- Subscribe.Jawwy.testcases.Validate_Avalaible_Packages_Test -->
      <class name="Subscribe.Jawwy.testcases.Palestine_Country_Selector_Test">
        <test-method status="PASS" signature="Countryselector()[pri:1, instance:Subscribe.Jawwy.testcases.Palestine_Country_Selector_Test@1f27fae]" name="Countryselector" duration-ms="182" started-at="2023-03-19T01:45:22 EET" finished-at="2023-03-19T01:45:23 EET">
          <reporter-output>
          </reporter-output>
        </test-method> <!-- Countryselector -->
        <test-method status="PASS" signature="Palestine()[pri:2, instance:Subscribe.Jawwy.testcases.Palestine_Country_Selector_Test@1f27fae]" name="Palestine" duration-ms="1368" started-at="2023-03-19T01:45:23 EET" finished-at="2023-03-19T01:45:24 EET">
          <reporter-output>
          </reporter-output>
        </test-method> <!-- Palestine -->
      </class> <!-- Subscribe.Jawwy.testcases.Palestine_Country_Selector_Test -->
      <class name="Subscribe.Jawwy.testcases.CloseURL_Test">
        <test-method status="PASS" signature="close()[pri:1, instance:Subscribe.Jawwy.testcases.CloseURL_Test@10a87b3]" name="close" duration-ms="80" started-at="2023-03-19T01:45:26 EET" finished-at="2023-03-19T01:45:26 EET">
          <reporter-output>
          </reporter-output>
        </test-method> <!-- close -->
      </class> <!-- Subscribe.Jawwy.testcases.CloseURL_Test -->
    </test> <!-- Palestine -->
  </suite> <!-- Suite -->
</testng-results>
